-------------------------------------------------------------------------------
Test set: ru.zankov.ui.CategoryDeletionTest
-------------------------------------------------------------------------------
Tests run: 1, Failures: 1, Errors: 0, Skipped: 0, Time elapsed: 6.435 s <<< FAILURE! - in ru.zankov.ui.CategoryDeletionTest
delete  Time elapsed: 6.429 s  <<< FAILURE!
org.opentest4j.AssertionFailedError: expected: <false> but was: <true>
	at ru.zankov.ui.CategoryDeletionTest.delete(CategoryDeletionTest.java:25)

