<?xml version="1.0" encoding="UTF-8"?>
<testsuite xmlns:xsi="http://www.w3.org/2001/XMLSchema-instance" xsi:noNamespaceSchemaLocation="https://maven.apache.org/surefire/maven-surefire-plugin/xsd/surefire-test-report.xsd" name="SignUpTest" time="2.463" tests="34" errors="0" skipped="0" failures="19">
  <properties>
[...]
</properties>
  <testcase name="existingLogin" classname="SignUpTest" time="1.03"/>
  <testcase name="existingLoginInDifferentRegister" classname="SignUpTest" time="0.104"/>
  <testcase name="shortPassword" classname="SignUpTest" time="0.269"/>
  <testcase name="signUpWithIncorrectLogin{String, String}[1]" classname="SignUpTest" time="0.051"/>
  <testcase name="signUpWithIncorrectLogin{String, String}[2]" classname="SignUpTest" time="0.073"/>
  <testcase name="signUpWithIncorrectLogin{String, String}[3]" classname="SignUpTest" time="0.039"/>
  <testcase name="signUpWithIncorrectLogin{String, String}[4]" classname="SignUpTest" time="0.04"/>
  <testcase name="signUpWithIncorrectLogin{String, String}[5]" classname="SignUpTest" time="0.054"/>
  <testcase name="signUpWithIncorrectLogin{String, String}[6]" classname="SignUpTest" time="0.038"/>
  <testcase name="signUpWithIncorrectLogin{String, String}[7]" classname="SignUpTest" time="0.046"/>
  <testcase name="signUpWithIncorrectLogin{String, String}[8]" classname="SignUpTest" time="0.033"/>
  <testcase name="signUpWithIncorrectLogin{String, String}[9]" classname="SignUpTest" time="0.033"/>
  <testcase name="signUpWithIncorrectLogin{String, String}[10]" classname="SignUpTest" time="0.03"/>
  <testcase name="signUpWithIncorrectLogin{String, String}[11]" classname="SignUpTest" time="0.03"/>
  <testcase name="signUpWithIncorrectLogin{String, String}[12]" classname="SignUpTest" time="0.032"/>
  <testcase name="positive{String, String}[1]" classname="SignUpTest" time="0.038">
    <failure message="1 expectation failed.&#10;Expected status code &lt;201&gt; but was &lt;400&gt;.&#10;" type="java.lang.AssertionError"><![CDATA[java.lang.AssertionError: 
1 expectation failed.
Expected status code <201> but was <400>.

	at SignUpTest.positive(SignUpTest.java:30)
]]></failure>
  </testcase>
  <testcase name="positive{String, String}[2]" classname="SignUpTest" time="0.011">
    <failure message="1 expectation failed.&#10;Expected status code &lt;201&gt; but was &lt;400&gt;.&#10;" type="java.lang.AssertionError"><![CDATA[java.lang.AssertionError: 
1 expectation failed.
Expected status code <201> but was <400>.

	at SignUpTest.positive(SignUpTest.java:30)
]]></failure>
  </testcase>
  <testcase name="positive{String, String}[3]" classname="SignUpTest" time="0.011">
    <failure message="1 expectation failed.&#10;Expected status code &lt;201&gt; but was &lt;400&gt;.&#10;" type="java.lang.AssertionError"><![CDATA[java.lang.AssertionError: 
1 expectation failed.
Expected status code <201> but was <400>.

	at SignUpTest.positive(SignUpTest.java:30)
]]></failure>
  </testcase>
  <testcase name="positive{String, String}[4]" classname="SignUpTest" time="0.011">
    <failure message="1 expectation failed.&#10;Expected status code &lt;201&gt; but was &lt;400&gt;.&#10;" type="java.lang.AssertionError"><![CDATA[java.lang.AssertionError: 
1 expectation failed.
Expected status code <201> but was <400>.

	at SignUpTest.positive(SignUpTest.java:30)
]]></failure>
  </testcase>
  <testcase name="positive{String, String}[5]" classname="SignUpTest" time="0.011">
    <failure message="1 expectation failed.&#10;Expected status code &lt;201&gt; but was &lt;400&gt;.&#10;" type="java.lang.AssertionError"><![CDATA[java.lang.AssertionError: 
1 expectation failed.
Expected status code <201> but was <400>.

	at SignUpTest.positive(SignUpTest.java:30)
]]></failure>
  </testcase>
  <testcase name="positive{String, String}[6]" classname="SignUpTest" time="0.011">
    <failure message="1 expectation failed.&#10;Expected status code &lt;201&gt; but was &lt;400&gt;.&#10;" type="java.lang.AssertionError"><![CDATA[java.lang.AssertionError: 
1 expectation failed.
Expected status code <201> but was <400>.

	at SignUpTest.positive(SignUpTest.java:30)
]]></failure>
  </testcase>
  <testcase name="positive{String, String}[7]" classname="SignUpTest" time="0.011">
    <failure message="1 expectation failed.&#10;Expected status code &lt;201&gt; but was &lt;400&gt;.&#10;" type="java.lang.AssertionError"><![CDATA[java.lang.AssertionError: 
1 expectation failed.
Expected status code <201> but was <400>.

	at SignUpTest.positive(SignUpTest.java:30)
]]></failure>
  </testcase>
  <testcase name="positive{String, String}[8]" classname="SignUpTest" time="0.011">
    <failure message="1 expectation failed.&#10;Expected status code &lt;201&gt; but was &lt;400&gt;.&#10;" type="java.lang.AssertionError"><![CDATA[java.lang.AssertionError: 
1 expectation failed.
Expected status code <201> but was <400>.

	at SignUpTest.positive(SignUpTest.java:30)
]]></failure>
  </testcase>
  <testcase name="positive{String, String}[9]" classname="SignUpTest" time="0.011">
    <failure message="1 expectation failed.&#10;Expected status code &lt;201&gt; but was &lt;400&gt;.&#10;" type="java.lang.AssertionError"><![CDATA[java.lang.AssertionError: 
1 expectation failed.
Expected status code <201> but was <400>.

	at SignUpTest.positive(SignUpTest.java:30)
]]></failure>
  </testcase>
  <testcase name="positive{String, String}[10]" classname="SignUpTest" time="0.012">
    <failure message="1 expectation failed.&#10;Expected status code &lt;201&gt; but was &lt;400&gt;.&#10;" type="java.lang.AssertionError"><![CDATA[java.lang.AssertionError: 
1 expectation failed.
Expected status code <201> but was <400>.

	at SignUpTest.positive(SignUpTest.java:30)
]]></failure>
  </testcase>
  <testcase name="positive{String, String}[11]" classname="SignUpTest" time="0.01">
    <failure message="1 expectation failed.&#10;Expected status code &lt;201&gt; but was &lt;400&gt;.&#10;" type="java.lang.AssertionError"><![CDATA[java.lang.AssertionError: 
1 expectation failed.
Expected status code <201> but was <400>.

	at SignUpTest.positive(SignUpTest.java:30)
]]></failure>
  </testcase>
  <testcase name="positive{String, String}[12]" classname="SignUpTest" time="0.011">
    <failure message="1 expectation failed.&#10;Expected status code &lt;201&gt; but was &lt;400&gt;.&#10;" type="java.lang.AssertionError"><![CDATA[java.lang.AssertionError: 
1 expectation failed.
Expected status code <201> but was <400>.

	at SignUpTest.positive(SignUpTest.java:30)
]]></failure>
  </testcase>
  <testcase name="positive{String, String}[13]" classname="SignUpTest" time="0.012">
    <failure message="1 expectation failed.&#10;Expected status code &lt;201&gt; but was &lt;400&gt;.&#10;" type="java.lang.AssertionError"><![CDATA[java.lang.AssertionError: 
1 expectation failed.
Expected status code <201> but was <400>.

	at SignUpTest.positive(SignUpTest.java:30)
]]></failure>
  </testcase>
  <testcase name="positive{String, String}[14]" classname="SignUpTest" time="0.011">
    <failure message="1 expectation failed.&#10;Expected status code &lt;201&gt; but was &lt;400&gt;.&#10;" type="java.lang.AssertionError"><![CDATA[java.lang.AssertionError: 
1 expectation failed.
Expected status code <201> but was <400>.

	at SignUpTest.positive(SignUpTest.java:30)
]]></failure>
  </testcase>
  <testcase name="positive{String, String}[15]" classname="SignUpTest" time="0.012">
    <failure message="1 expectation failed.&#10;Expected status code &lt;201&gt; but was &lt;400&gt;.&#10;" type="java.lang.AssertionError"><![CDATA[java.lang.AssertionError: 
1 expectation failed.
Expected status code <201> but was <400>.

	at SignUpTest.positive(SignUpTest.java:30)
]]></failure>
  </testcase>
  <testcase name="positive{String, String}[16]" classname="SignUpTest" time="0.011">
    <failure message="1 expectation failed.&#10;Expected status code &lt;201&gt; but was &lt;400&gt;.&#10;" type="java.lang.AssertionError"><![CDATA[java.lang.AssertionError: 
1 expectation failed.
Expected status code <201> but was <400>.

	at SignUpTest.positive(SignUpTest.java:30)
]]></failure>
  </testcase>
  <testcase name="positive{String, String}[17]" classname="SignUpTest" time="0.038">
    <failure message="1 expectation failed.&#10;Expected status code &lt;201&gt; but was &lt;400&gt;.&#10;" type="java.lang.AssertionError"><![CDATA[java.lang.AssertionError: 
1 expectation failed.
Expected status code <201> but was <400>.

	at SignUpTest.positive(SignUpTest.java:30)
]]></failure>
  </testcase>
  <testcase name="positive{String, String}[18]" classname="SignUpTest" time="0.012">
    <failure message="1 expectation failed.&#10;Expected status code &lt;201&gt; but was &lt;400&gt;.&#10;" type="java.lang.AssertionError"><![CDATA[java.lang.AssertionError: 
1 expectation failed.
Expected status code <201> but was <400>.

	at SignUpTest.positive(SignUpTest.java:30)
]]></failure>
  </testcase>
  <testcase name="blankPassword" classname="SignUpTest" time="0.02">
    <failure message="1 expectation failed.&#10;JSON path errors.username doesn&apos;t match.&#10;Expected: a collection with size &lt;2&gt;&#10;  Actual: null&#10;" type="java.lang.AssertionError"><![CDATA[java.lang.AssertionError: 
1 expectation failed.
JSON path errors.username doesn't match.
Expected: a collection with size <2>
  Actual: null

	at SignUpTest.blankPassword(SignUpTest.java:98)
]]></failure>
  </testcase>
</testsuite>