<?xml version="1.0" encoding="UTF-8"?>
<testsuite xmlns:xsi="http://www.w3.org/2001/XMLSchema-instance" xsi:noNamespaceSchemaLocation="https://maven.apache.org/surefire/maven-surefire-plugin/xsd/surefire-test-report.xsd" name="SignUpTest" time="2.463" tests="34" errors="0" skipped="0" failures="19">
  <properties>
    <property name="sun.desktop" value="gnome"/>
    <property name="awt.toolkit" value="sun.awt.X11.XToolkit"/>
    <property name="file.encoding.pkg" value="sun.io"/>
    <property name="java.specification.version" value="1.8"/>
    <property name="sun.cpu.isalist" value=""/>
    <property name="sun.jnu.encoding" value="UTF-8"/>
    <property name="java.class.path" value="/home/vladimir/Yandex.Disk/budgetapp-tests/api/target/test-classes:/home/vladimir/Yandex.Disk/budgetapp-tests/api/target/classes:/home/vladimir/.m2/repository/io/rest-assured/rest-assured/4.1.2/rest-assured-4.1.2.jar:/home/vladimir/.m2/repository/org/codehaus/groovy/groovy/2.5.8/groovy-2.5.8.jar:/home/vladimir/.m2/repository/org/codehaus/groovy/groovy-xml/2.5.8/groovy-xml-2.5.8.jar:/home/vladimir/.m2/repository/org/apache/httpcomponents/httpclient/4.5.3/httpclient-4.5.3.jar:/home/vladimir/.m2/repository/org/apache/httpcomponents/httpcore/4.4.6/httpcore-4.4.6.jar:/home/vladimir/.m2/repository/commons-logging/commons-logging/1.2/commons-logging-1.2.jar:/home/vladimir/.m2/repository/commons-codec/commons-codec/1.9/commons-codec-1.9.jar:/home/vladimir/.m2/repository/org/apache/httpcomponents/httpmime/4.5.3/httpmime-4.5.3.jar:/home/vladimir/.m2/repository/org/hamcrest/hamcrest/2.1/hamcrest-2.1.jar:/home/vladimir/.m2/repository/org/ccil/cowan/tagsoup/tagsoup/1.2.1/tagsoup-1.2.1.jar:/home/vladimir/.m2/repository/io/rest-assured/json-path/4.1.2/json-path-4.1.2.jar:/home/vladimir/.m2/repository/org/codehaus/groovy/groovy-json/2.5.8/groovy-json-2.5.8.jar:/home/vladimir/.m2/repository/io/rest-assured/rest-assured-common/4.1.2/rest-assured-common-4.1.2.jar:/home/vladimir/.m2/repository/io/rest-assured/xml-path/4.1.2/xml-path-4.1.2.jar:/home/vladimir/.m2/repository/org/apache/commons/commons-lang3/3.4/commons-lang3-3.4.jar:/home/vladimir/.m2/repository/javax/xml/bind/jaxb-api/2.3.1/jaxb-api-2.3.1.jar:/home/vladimir/.m2/repository/javax/activation/javax.activation-api/1.2.0/javax.activation-api-1.2.0.jar:/home/vladimir/.m2/repository/com/sun/xml/bind/jaxb-osgi/2.3.0.1/jaxb-osgi-2.3.0.1.jar:/home/vladimir/.m2/repository/org/apache/sling/org.apache.sling.javax.activation/0.1.0/org.apache.sling.javax.activation-0.1.0.jar:/home/vladimir/.m2/repository/javax/activation/activation/1.1.1/activation-1.1.1.jar:/home/vladimir/.m2/repository/com/fasterxml/jackson/core/jackson-databind/2.9.9.3/jackson-databind-2.9.9.3.jar:/home/vladimir/.m2/repository/com/fasterxml/jackson/core/jackson-annotations/2.9.0/jackson-annotations-2.9.0.jar:/home/vladimir/.m2/repository/com/fasterxml/jackson/core/jackson-core/2.9.9/jackson-core-2.9.9.jar:/home/vladimir/.m2/repository/org/junit/jupiter/junit-jupiter/5.5.2/junit-jupiter-5.5.2.jar:/home/vladimir/.m2/repository/org/junit/jupiter/junit-jupiter-api/5.5.2/junit-jupiter-api-5.5.2.jar:/home/vladimir/.m2/repository/org/apiguardian/apiguardian-api/1.1.0/apiguardian-api-1.1.0.jar:/home/vladimir/.m2/repository/org/opentest4j/opentest4j/1.2.0/opentest4j-1.2.0.jar:/home/vladimir/.m2/repository/org/junit/platform/junit-platform-commons/1.5.2/junit-platform-commons-1.5.2.jar:/home/vladimir/.m2/repository/org/junit/jupiter/junit-jupiter-params/5.5.2/junit-jupiter-params-5.5.2.jar:/home/vladimir/.m2/repository/org/junit/jupiter/junit-jupiter-engine/5.5.2/junit-jupiter-engine-5.5.2.jar:/home/vladimir/.m2/repository/org/junit/platform/junit-platform-engine/1.5.2/junit-platform-engine-1.5.2.jar:"/>
    <property name="java.vm.vendor" value="Oracle Corporation"/>
    <property name="sun.arch.data.model" value="64"/>
    <property name="java.vendor.url" value="http://java.oracle.com/"/>
    <property name="user.timezone" value=""/>
    <property name="java.vm.specification.version" value="1.8"/>
    <property name="os.name" value="Linux"/>
    <property name="user.country" value="US"/>
    <property name="sun.java.launcher" value="SUN_STANDARD"/>
    <property name="sun.boot.library.path" value="/opt/jdk1.8.0_201/jre/lib/amd64"/>
    <property name="sun.java.command" value="/home/vladimir/Yandex.Disk/budgetapp-tests/api/target/surefire/surefirebooter19202583135133724.jar /home/vladimir/Yandex.Disk/budgetapp-tests/api/target/surefire 2019-10-08T13-20-28_214-jvmRun1 surefire2894330920169335586tmp surefire_01740129011565923603tmp"/>
    <property name="surefire.test.class.path" value="/home/vladimir/Yandex.Disk/budgetapp-tests/api/target/test-classes:/home/vladimir/Yandex.Disk/budgetapp-tests/api/target/classes:/home/vladimir/.m2/repository/io/rest-assured/rest-assured/4.1.2/rest-assured-4.1.2.jar:/home/vladimir/.m2/repository/org/codehaus/groovy/groovy/2.5.8/groovy-2.5.8.jar:/home/vladimir/.m2/repository/org/codehaus/groovy/groovy-xml/2.5.8/groovy-xml-2.5.8.jar:/home/vladimir/.m2/repository/org/apache/httpcomponents/httpclient/4.5.3/httpclient-4.5.3.jar:/home/vladimir/.m2/repository/org/apache/httpcomponents/httpcore/4.4.6/httpcore-4.4.6.jar:/home/vladimir/.m2/repository/commons-logging/commons-logging/1.2/commons-logging-1.2.jar:/home/vladimir/.m2/repository/commons-codec/commons-codec/1.9/commons-codec-1.9.jar:/home/vladimir/.m2/repository/org/apache/httpcomponents/httpmime/4.5.3/httpmime-4.5.3.jar:/home/vladimir/.m2/repository/org/hamcrest/hamcrest/2.1/hamcrest-2.1.jar:/home/vladimir/.m2/repository/org/ccil/cowan/tagsoup/tagsoup/1.2.1/tagsoup-1.2.1.jar:/home/vladimir/.m2/repository/io/rest-assured/json-path/4.1.2/json-path-4.1.2.jar:/home/vladimir/.m2/repository/org/codehaus/groovy/groovy-json/2.5.8/groovy-json-2.5.8.jar:/home/vladimir/.m2/repository/io/rest-assured/rest-assured-common/4.1.2/rest-assured-common-4.1.2.jar:/home/vladimir/.m2/repository/io/rest-assured/xml-path/4.1.2/xml-path-4.1.2.jar:/home/vladimir/.m2/repository/org/apache/commons/commons-lang3/3.4/commons-lang3-3.4.jar:/home/vladimir/.m2/repository/javax/xml/bind/jaxb-api/2.3.1/jaxb-api-2.3.1.jar:/home/vladimir/.m2/repository/javax/activation/javax.activation-api/1.2.0/javax.activation-api-1.2.0.jar:/home/vladimir/.m2/repository/com/sun/xml/bind/jaxb-osgi/2.3.0.1/jaxb-osgi-2.3.0.1.jar:/home/vladimir/.m2/repository/org/apache/sling/org.apache.sling.javax.activation/0.1.0/org.apache.sling.javax.activation-0.1.0.jar:/home/vladimir/.m2/repository/javax/activation/activation/1.1.1/activation-1.1.1.jar:/home/vladimir/.m2/repository/com/fasterxml/jackson/core/jackson-databind/2.9.9.3/jackson-databind-2.9.9.3.jar:/home/vladimir/.m2/repository/com/fasterxml/jackson/core/jackson-annotations/2.9.0/jackson-annotations-2.9.0.jar:/home/vladimir/.m2/repository/com/fasterxml/jackson/core/jackson-core/2.9.9/jackson-core-2.9.9.jar:/home/vladimir/.m2/repository/org/junit/jupiter/junit-jupiter/5.5.2/junit-jupiter-5.5.2.jar:/home/vladimir/.m2/repository/org/junit/jupiter/junit-jupiter-api/5.5.2/junit-jupiter-api-5.5.2.jar:/home/vladimir/.m2/repository/org/apiguardian/apiguardian-api/1.1.0/apiguardian-api-1.1.0.jar:/home/vladimir/.m2/repository/org/opentest4j/opentest4j/1.2.0/opentest4j-1.2.0.jar:/home/vladimir/.m2/repository/org/junit/platform/junit-platform-commons/1.5.2/junit-platform-commons-1.5.2.jar:/home/vladimir/.m2/repository/org/junit/jupiter/junit-jupiter-params/5.5.2/junit-jupiter-params-5.5.2.jar:/home/vladimir/.m2/repository/org/junit/jupiter/junit-jupiter-engine/5.5.2/junit-jupiter-engine-5.5.2.jar:/home/vladimir/.m2/repository/org/junit/platform/junit-platform-engine/1.5.2/junit-platform-engine-1.5.2.jar:"/>
    <property name="sun.cpu.endian" value="little"/>
    <property name="user.home" value="/home/vladimir"/>
    <property name="user.language" value="en"/>
    <property name="java.specification.vendor" value="Oracle Corporation"/>
    <property name="java.home" value="/opt/jdk1.8.0_201/jre"/>
    <property name="basedir" value="/home/vladimir/Yandex.Disk/budgetapp-tests/api"/>
    <property name="file.separator" value="/"/>
    <property name="line.separator" value="&#10;"/>
    <property name="java.vm.specification.vendor" value="Oracle Corporation"/>
    <property name="java.specification.name" value="Java Platform API Specification"/>
    <property name="java.awt.graphicsenv" value="sun.awt.X11GraphicsEnvironment"/>
    <property name="surefire.real.class.path" value="/home/vladimir/Yandex.Disk/budgetapp-tests/api/target/surefire/surefirebooter19202583135133724.jar"/>
    <property name="sun.boot.class.path" value="/opt/jdk1.8.0_201/jre/lib/resources.jar:/opt/jdk1.8.0_201/jre/lib/rt.jar:/opt/jdk1.8.0_201/jre/lib/sunrsasign.jar:/opt/jdk1.8.0_201/jre/lib/jsse.jar:/opt/jdk1.8.0_201/jre/lib/jce.jar:/opt/jdk1.8.0_201/jre/lib/charsets.jar:/opt/jdk1.8.0_201/jre/lib/jfr.jar:/opt/jdk1.8.0_201/jre/classes"/>
    <property name="sun.management.compiler" value="HotSpot 64-Bit Tiered Compilers"/>
    <property name="java.runtime.version" value="1.8.0_201-b09"/>
    <property name="user.name" value="vladimir"/>
    <property name="path.separator" value=":"/>
    <property name="os.version" value="4.18.0-25-generic"/>
    <property name="java.endorsed.dirs" value="/opt/jdk1.8.0_201/jre/lib/endorsed"/>
    <property name="java.runtime.name" value="Java(TM) SE Runtime Environment"/>
    <property name="file.encoding" value="UTF-8"/>
    <property name="java.vm.name" value="Java HotSpot(TM) 64-Bit Server VM"/>
    <property name="localRepository" value="/home/vladimir/.m2/repository"/>
    <property name="java.vendor.url.bug" value="http://bugreport.sun.com/bugreport/"/>
    <property name="java.io.tmpdir" value="/tmp"/>
    <property name="java.version" value="1.8.0_201"/>
    <property name="user.dir" value="/home/vladimir/Yandex.Disk/budgetapp-tests/api"/>
    <property name="os.arch" value="amd64"/>
    <property name="java.vm.specification.name" value="Java Virtual Machine Specification"/>
    <property name="java.awt.printerjob" value="sun.print.PSPrinterJob"/>
    <property name="sun.os.patch.level" value="unknown"/>
    <property name="java.library.path" value="/usr/java/packages/lib/amd64:/usr/lib64:/lib64:/lib:/usr/lib"/>
    <property name="java.vm.info" value="mixed mode"/>
    <property name="java.vendor" value="Oracle Corporation"/>
    <property name="java.vm.version" value="25.201-b09"/>
    <property name="idea.version2019.3" value="true"/>
    <property name="java.ext.dirs" value="/opt/jdk1.8.0_201/jre/lib/ext:/usr/java/packages/lib/ext"/>
    <property name="sun.io.unicode.encoding" value="UnicodeLittle"/>
    <property name="java.class.version" value="52.0"/>
  </properties>
  <testcase name="existingLogin" classname="SignUpTest" time="1.03"/>
  <testcase name="existingLoginInDifferentRegister" classname="SignUpTest" time="0.104"/>
  <testcase name="shortPassword" classname="SignUpTest" time="0.269"/>
  <testcase name="signUpWithIncorrectLogin{String, String}[1]" classname="SignUpTest" time="0.051"/>
  <testcase name="signUpWithIncorrectLogin{String, String}[2]" classname="SignUpTest" time="0.073"/>
  <testcase name="signUpWithIncorrectLogin{String, String}[3]" classname="SignUpTest" time="0.039"/>
  <testcase name="signUpWithIncorrectLogin{String, String}[4]" classname="SignUpTest" time="0.04"/>
  <testcase name="signUpWithIncorrectLogin{String, String}[5]" classname="SignUpTest" time="0.054"/>
  <testcase name="signUpWithIncorrectLogin{String, String}[6]" classname="SignUpTest" time="0.038"/>
  <testcase name="signUpWithIncorrectLogin{String, String}[7]" classname="SignUpTest" time="0.046"/>
  <testcase name="signUpWithIncorrectLogin{String, String}[8]" classname="SignUpTest" time="0.033"/>
  <testcase name="signUpWithIncorrectLogin{String, String}[9]" classname="SignUpTest" time="0.033"/>
  <testcase name="signUpWithIncorrectLogin{String, String}[10]" classname="SignUpTest" time="0.03"/>
  <testcase name="signUpWithIncorrectLogin{String, String}[11]" classname="SignUpTest" time="0.03"/>
  <testcase name="signUpWithIncorrectLogin{String, String}[12]" classname="SignUpTest" time="0.032"/>
  <testcase name="positive{String, String}[1]" classname="SignUpTest" time="0.038">
    <failure message="1 expectation failed.&#10;Expected status code &lt;201&gt; but was &lt;400&gt;.&#10;" type="java.lang.AssertionError"><![CDATA[java.lang.AssertionError: 
1 expectation failed.
Expected status code <201> but was <400>.

	at SignUpTest.positive(SignUpTest.java:30)
]]></failure>
  </testcase>
  <testcase name="positive{String, String}[2]" classname="SignUpTest" time="0.011">
    <failure message="1 expectation failed.&#10;Expected status code &lt;201&gt; but was &lt;400&gt;.&#10;" type="java.lang.AssertionError"><![CDATA[java.lang.AssertionError: 
1 expectation failed.
Expected status code <201> but was <400>.

	at SignUpTest.positive(SignUpTest.java:30)
]]></failure>
  </testcase>
  <testcase name="positive{String, String}[3]" classname="SignUpTest" time="0.011">
    <failure message="1 expectation failed.&#10;Expected status code &lt;201&gt; but was &lt;400&gt;.&#10;" type="java.lang.AssertionError"><![CDATA[java.lang.AssertionError: 
1 expectation failed.
Expected status code <201> but was <400>.

	at SignUpTest.positive(SignUpTest.java:30)
]]></failure>
  </testcase>
  <testcase name="positive{String, String}[4]" classname="SignUpTest" time="0.011">
    <failure message="1 expectation failed.&#10;Expected status code &lt;201&gt; but was &lt;400&gt;.&#10;" type="java.lang.AssertionError"><![CDATA[java.lang.AssertionError: 
1 expectation failed.
Expected status code <201> but was <400>.

	at SignUpTest.positive(SignUpTest.java:30)
]]></failure>
  </testcase>
  <testcase name="positive{String, String}[5]" classname="SignUpTest" time="0.011">
    <failure message="1 expectation failed.&#10;Expected status code &lt;201&gt; but was &lt;400&gt;.&#10;" type="java.lang.AssertionError"><![CDATA[java.lang.AssertionError: 
1 expectation failed.
Expected status code <201> but was <400>.

	at SignUpTest.positive(SignUpTest.java:30)
]]></failure>
  </testcase>
  <testcase name="positive{String, String}[6]" classname="SignUpTest" time="0.011">
    <failure message="1 expectation failed.&#10;Expected status code &lt;201&gt; but was &lt;400&gt;.&#10;" type="java.lang.AssertionError"><![CDATA[java.lang.AssertionError: 
1 expectation failed.
Expected status code <201> but was <400>.

	at SignUpTest.positive(SignUpTest.java:30)
]]></failure>
  </testcase>
  <testcase name="positive{String, String}[7]" classname="SignUpTest" time="0.011">
    <failure message="1 expectation failed.&#10;Expected status code &lt;201&gt; but was &lt;400&gt;.&#10;" type="java.lang.AssertionError"><![CDATA[java.lang.AssertionError: 
1 expectation failed.
Expected status code <201> but was <400>.

	at SignUpTest.positive(SignUpTest.java:30)
]]></failure>
  </testcase>
  <testcase name="positive{String, String}[8]" classname="SignUpTest" time="0.011">
    <failure message="1 expectation failed.&#10;Expected status code &lt;201&gt; but was &lt;400&gt;.&#10;" type="java.lang.AssertionError"><![CDATA[java.lang.AssertionError: 
1 expectation failed.
Expected status code <201> but was <400>.

	at SignUpTest.positive(SignUpTest.java:30)
]]></failure>
  </testcase>
  <testcase name="positive{String, String}[9]" classname="SignUpTest" time="0.011">
    <failure message="1 expectation failed.&#10;Expected status code &lt;201&gt; but was &lt;400&gt;.&#10;" type="java.lang.AssertionError"><![CDATA[java.lang.AssertionError: 
1 expectation failed.
Expected status code <201> but was <400>.

	at SignUpTest.positive(SignUpTest.java:30)
]]></failure>
  </testcase>
  <testcase name="positive{String, String}[10]" classname="SignUpTest" time="0.012">
    <failure message="1 expectation failed.&#10;Expected status code &lt;201&gt; but was &lt;400&gt;.&#10;" type="java.lang.AssertionError"><![CDATA[java.lang.AssertionError: 
1 expectation failed.
Expected status code <201> but was <400>.

	at SignUpTest.positive(SignUpTest.java:30)
]]></failure>
  </testcase>
  <testcase name="positive{String, String}[11]" classname="SignUpTest" time="0.01">
    <failure message="1 expectation failed.&#10;Expected status code &lt;201&gt; but was &lt;400&gt;.&#10;" type="java.lang.AssertionError"><![CDATA[java.lang.AssertionError: 
1 expectation failed.
Expected status code <201> but was <400>.

	at SignUpTest.positive(SignUpTest.java:30)
]]></failure>
  </testcase>
  <testcase name="positive{String, String}[12]" classname="SignUpTest" time="0.011">
    <failure message="1 expectation failed.&#10;Expected status code &lt;201&gt; but was &lt;400&gt;.&#10;" type="java.lang.AssertionError"><![CDATA[java.lang.AssertionError: 
1 expectation failed.
Expected status code <201> but was <400>.

	at SignUpTest.positive(SignUpTest.java:30)
]]></failure>
  </testcase>
  <testcase name="positive{String, String}[13]" classname="SignUpTest" time="0.012">
    <failure message="1 expectation failed.&#10;Expected status code &lt;201&gt; but was &lt;400&gt;.&#10;" type="java.lang.AssertionError"><![CDATA[java.lang.AssertionError: 
1 expectation failed.
Expected status code <201> but was <400>.

	at SignUpTest.positive(SignUpTest.java:30)
]]></failure>
  </testcase>
  <testcase name="positive{String, String}[14]" classname="SignUpTest" time="0.011">
    <failure message="1 expectation failed.&#10;Expected status code &lt;201&gt; but was &lt;400&gt;.&#10;" type="java.lang.AssertionError"><![CDATA[java.lang.AssertionError: 
1 expectation failed.
Expected status code <201> but was <400>.

	at SignUpTest.positive(SignUpTest.java:30)
]]></failure>
  </testcase>
  <testcase name="positive{String, String}[15]" classname="SignUpTest" time="0.012">
    <failure message="1 expectation failed.&#10;Expected status code &lt;201&gt; but was &lt;400&gt;.&#10;" type="java.lang.AssertionError"><![CDATA[java.lang.AssertionError: 
1 expectation failed.
Expected status code <201> but was <400>.

	at SignUpTest.positive(SignUpTest.java:30)
]]></failure>
  </testcase>
  <testcase name="positive{String, String}[16]" classname="SignUpTest" time="0.011">
    <failure message="1 expectation failed.&#10;Expected status code &lt;201&gt; but was &lt;400&gt;.&#10;" type="java.lang.AssertionError"><![CDATA[java.lang.AssertionError: 
1 expectation failed.
Expected status code <201> but was <400>.

	at SignUpTest.positive(SignUpTest.java:30)
]]></failure>
  </testcase>
  <testcase name="positive{String, String}[17]" classname="SignUpTest" time="0.038">
    <failure message="1 expectation failed.&#10;Expected status code &lt;201&gt; but was &lt;400&gt;.&#10;" type="java.lang.AssertionError"><![CDATA[java.lang.AssertionError: 
1 expectation failed.
Expected status code <201> but was <400>.

	at SignUpTest.positive(SignUpTest.java:30)
]]></failure>
  </testcase>
  <testcase name="positive{String, String}[18]" classname="SignUpTest" time="0.012">
    <failure message="1 expectation failed.&#10;Expected status code &lt;201&gt; but was &lt;400&gt;.&#10;" type="java.lang.AssertionError"><![CDATA[java.lang.AssertionError: 
1 expectation failed.
Expected status code <201> but was <400>.

	at SignUpTest.positive(SignUpTest.java:30)
]]></failure>
  </testcase>
  <testcase name="blankPassword" classname="SignUpTest" time="0.02">
    <failure message="1 expectation failed.&#10;JSON path errors.username doesn&apos;t match.&#10;Expected: a collection with size &lt;2&gt;&#10;  Actual: null&#10;" type="java.lang.AssertionError"><![CDATA[java.lang.AssertionError: 
1 expectation failed.
JSON path errors.username doesn't match.
Expected: a collection with size <2>
  Actual: null

	at SignUpTest.blankPassword(SignUpTest.java:98)
]]></failure>
  </testcase>
</testsuite>